{"contracts\\B3CertificadoLote.sol":{"l":{"27":67,"31":67,"35":75,"36":75,"40":25,"41":25,"45":0,"49":0,"53":17,"54":17,"58":2,"62":1,"71":18,"75":1,"82":25,"86":0,"92":0,"98":0},"path":"C:\\Blockchain\\b3\\TokenCertificates\\contracts\\B3CertificadoLote.sol","s":{"1":67,"2":75,"3":25,"4":0,"5":0,"6":17,"7":17,"8":2,"9":1,"10":18,"11":1,"12":0,"13":0,"14":0},"b":{"1":[67,0],"2":[64,3],"3":[25,0],"4":[25,0],"5":[0,0],"6":[0,0],"7":[17,0],"8":[1,1],"9":[18,0],"10":[25,0]},"f":{"1":67,"2":75,"3":25,"4":0,"5":0,"6":17,"7":2,"8":18,"9":1,"10":25,"11":0,"12":0,"13":0},"fnMap":{"1":{"name":"onlyRoleOrMasterAcct","line":26,"loc":{"start":{"line":26,"column":4},"end":{"line":32,"column":4}}},"2":{"name":"constructor","line":34,"loc":{"start":{"line":34,"column":4},"end":{"line":37,"column":4}}},"3":{"name":"setRouter","line":39,"loc":{"start":{"line":39,"column":4},"end":{"line":42,"column":4}}},"4":{"name":"pause","line":44,"loc":{"start":{"line":44,"column":4},"end":{"line":46,"column":4}}},"5":{"name":"unpause","line":48,"loc":{"start":{"line":48,"column":4},"end":{"line":50,"column":4}}},"6":{"name":"safeMint","line":52,"loc":{"start":{"line":52,"column":4},"end":{"line":55,"column":4}}},"7":{"name":"burn","line":57,"loc":{"start":{"line":57,"column":4},"end":{"line":63,"column":4}}},"8":{"name":"_beforeTokenTransfer","line":70,"loc":{"start":{"line":65,"column":4},"end":{"line":72,"column":4}}},"9":{"name":"_burn","line":74,"loc":{"start":{"line":74,"column":4},"end":{"line":76,"column":4}}},"10":{"name":"setContractURI","line":80,"loc":{"start":{"line":78,"column":4},"end":{"line":83,"column":4}}},"11":{"name":"contractURI","line":85,"loc":{"start":{"line":85,"column":4},"end":{"line":87,"column":4}}},"12":{"name":"tokenURI","line":89,"loc":{"start":{"line":89,"column":4},"end":{"line":93,"column":4}}},"13":{"name":"supportsInterface","line":95,"loc":{"start":{"line":95,"column":4},"end":{"line":99,"column":4}}}},"statementMap":{"1":{"start":{"line":27,"column":8},"end":{"line":27,"column":847}},"2":{"start":{"line":36,"column":8},"end":{"line":36,"column":49}},"3":{"start":{"line":40,"column":8},"end":{"line":40,"column":67}},"4":{"start":{"line":45,"column":8},"end":{"line":45,"column":15}},"5":{"start":{"line":49,"column":8},"end":{"line":49,"column":17}},"6":{"start":{"line":53,"column":8},"end":{"line":53,"column":29}},"7":{"start":{"line":54,"column":8},"end":{"line":54,"column":33}},"8":{"start":{"line":58,"column":8},"end":{"line":58,"column":1864}},"9":{"start":{"line":62,"column":8},"end":{"line":62,"column":21}},"10":{"start":{"line":71,"column":8},"end":{"line":71,"column":63}},"11":{"start":{"line":75,"column":8},"end":{"line":75,"column":27}},"12":{"start":{"line":86,"column":8},"end":{"line":86,"column":27}},"13":{"start":{"line":92,"column":8},"end":{"line":92,"column":38}},"14":{"start":{"line":98,"column":8},"end":{"line":98,"column":51}}},"branchMap":{"1":{"line":27,"type":"if","locations":[{"start":{"line":27,"column":8},"end":{"line":27,"column":8}},{"start":{"line":27,"column":8},"end":{"line":27,"column":8}}]},"2":{"line":28,"type":"cond-expr","locations":[{"start":{"line":28,"column":12},"end":{"line":28,"column":38}},{"start":{"line":28,"column":43},"end":{"line":28,"column":68}}]},"3":{"line":39,"type":"if","locations":[{"start":{"line":39,"column":53},"end":{"line":39,"column":53}},{"start":{"line":39,"column":53},"end":{"line":39,"column":53}}]},"4":{"line":40,"type":"if","locations":[{"start":{"line":40,"column":8},"end":{"line":40,"column":8}},{"start":{"line":40,"column":8},"end":{"line":40,"column":8}}]},"5":{"line":44,"type":"if","locations":[{"start":{"line":44,"column":28},"end":{"line":44,"column":28}},{"start":{"line":44,"column":28},"end":{"line":44,"column":28}}]},"6":{"line":48,"type":"if","locations":[{"start":{"line":48,"column":30},"end":{"line":48,"column":30}},{"start":{"line":48,"column":30},"end":{"line":48,"column":30}}]},"7":{"line":52,"type":"if","locations":[{"start":{"line":52,"column":77},"end":{"line":52,"column":77}},{"start":{"line":52,"column":77},"end":{"line":52,"column":77}}]},"8":{"line":58,"type":"if","locations":[{"start":{"line":58,"column":8},"end":{"line":58,"column":8}},{"start":{"line":58,"column":8},"end":{"line":58,"column":8}}]},"9":{"line":70,"type":"if","locations":[{"start":{"line":70,"column":50},"end":{"line":70,"column":50}},{"start":{"line":70,"column":50},"end":{"line":70,"column":50}}]},"10":{"line":80,"type":"if","locations":[{"start":{"line":80,"column":8},"end":{"line":80,"column":8}},{"start":{"line":80,"column":8},"end":{"line":80,"column":8}}]}}},"contracts\\B3Router.sol":{"l":{"24":122,"28":119,"50":75,"51":75,"52":75,"53":75,"57":0,"58":0,"59":0,"63":0,"64":0,"65":0,"74":14,"75":14,"77":14,"87":14,"88":14,"92":1,"96":8,"97":8,"101":0,"102":0,"103":0,"104":0,"105":0,"108":0,"112":94,"116":0,"120":0,"121":0,"122":0,"123":0,"124":0,"127":0,"131":23,"136":9,"138":9,"139":12,"140":12,"149":9,"150":8,"151":7,"152":7,"157":6,"158":6,"160":6,"161":6,"162":6,"163":3,"164":0,"166":0,"169":6,"170":6,"176":2,"177":2,"179":2,"180":4,"183":4,"184":3,"185":3,"186":3,"188":1,"189":1,"190":1,"193":2,"197":4,"201":4,"202":4,"203":4,"204":10,"205":7,"206":7,"210":4,"212":4,"213":4,"214":4,"216":4,"217":10,"218":7,"219":3,"220":3,"221":3,"226":4,"230":0},"path":"C:\\Blockchain\\b3\\TokenCertificates\\contracts\\B3Router.sol","s":{"1":122,"2":75,"3":0,"4":0,"5":0,"6":0,"7":0,"8":0,"9":14,"10":14,"11":14,"12":14,"13":1,"14":8,"15":8,"16":0,"17":0,"18":0,"19":0,"20":0,"21":0,"22":0,"23":0,"24":0,"25":0,"26":23,"27":9,"28":9,"29":12,"30":12,"31":9,"32":8,"33":7,"34":7,"35":6,"36":6,"37":6,"38":6,"39":3,"40":6,"41":6,"42":2,"43":2,"44":2,"45":4,"46":4,"47":2,"48":4,"49":4,"50":4,"51":4,"52":10,"53":4,"54":4,"55":4,"56":10,"57":7,"58":4,"59":0},"b":{"1":[119,3],"2":[119,0],"3":[0,0],"4":[0,0],"5":[14,1],"6":[14,0],"7":[14,0],"8":[8,0],"9":[0,0],"10":[94,0],"11":[0,0],"12":[0,0],"13":[9,1],"14":[12,0],"15":[8,1],"16":[7,1],"17":[7,0],"18":[6,1],"19":[0,3],"20":[6,0],"21":[2,1],"22":[3,1],"23":[2,0],"24":[7,3],"25":[4,0],"26":[7,3],"27":[3,4]},"f":{"1":122,"2":75,"3":0,"4":0,"5":14,"6":1,"7":8,"8":0,"9":94,"10":0,"11":0,"12":23,"13":9,"14":9,"15":2,"16":4,"17":0},"fnMap":{"1":{"name":"onlyRoleOrMasterAcct","line":23,"loc":{"start":{"line":23,"column":4},"end":{"line":29,"column":4}}},"2":{"name":"constructor","line":49,"loc":{"start":{"line":49,"column":4},"end":{"line":54,"column":4}}},"3":{"name":"pause","line":56,"loc":{"start":{"line":56,"column":4},"end":{"line":60,"column":4}}},"4":{"name":"unpause","line":62,"loc":{"start":{"line":62,"column":4},"end":{"line":66,"column":4}}},"5":{"name":"createNewCertificate","line":73,"loc":{"start":{"line":68,"column":4},"end":{"line":89,"column":4}}},"6":{"name":"getCertificatesIds","line":91,"loc":{"start":{"line":91,"column":4},"end":{"line":93,"column":4}}},"7":{"name":"getCertificateInfo","line":95,"loc":{"start":{"line":95,"column":4},"end":{"line":98,"column":4}}},"8":{"name":"getAvailableCertificates","line":100,"loc":{"start":{"line":100,"column":4},"end":{"line":109,"column":4}}},"9":{"name":"addWalletToWhitelist","line":111,"loc":{"start":{"line":111,"column":4},"end":{"line":113,"column":4}}},"10":{"name":"removeWalletFromWhitelist","line":115,"loc":{"start":{"line":115,"column":4},"end":{"line":117,"column":4}}},"11":{"name":"getWhitelistedWallets","line":119,"loc":{"start":{"line":119,"column":4},"end":{"line":128,"column":4}}},"12":{"name":"isWalletWhitelisted","line":130,"loc":{"start":{"line":130,"column":4},"end":{"line":132,"column":4}}},"13":{"name":"mintAvailableB3Tokens","line":134,"loc":{"start":{"line":134,"column":4},"end":{"line":146,"column":4}}},"14":{"name":"getSomeTokens","line":148,"loc":{"start":{"line":148,"column":4},"end":{"line":173,"column":4}}},"15":{"name":"burnCertificatesAmount","line":175,"loc":{"start":{"line":175,"column":4},"end":{"line":194,"column":4}}},"16":{"name":"getCertificateMinorTokensAmount","line":196,"loc":{"start":{"line":196,"column":4},"end":{"line":227,"column":4}}},"17":{"name":"getOwnedCertificates","line":229,"loc":{"start":{"line":229,"column":4},"end":{"line":231,"column":4}}}},"statementMap":{"1":{"start":{"line":24,"column":8},"end":{"line":24,"column":912}},"2":{"start":{"line":53,"column":8},"end":{"line":53,"column":49}},"3":{"start":{"line":57,"column":8},"end":{"line":57,"column":15}},"4":{"start":{"line":58,"column":8},"end":{"line":58,"column":32}},"5":{"start":{"line":59,"column":8},"end":{"line":59,"column":49}},"6":{"start":{"line":63,"column":8},"end":{"line":63,"column":17}},"7":{"start":{"line":64,"column":8},"end":{"line":64,"column":34}},"8":{"start":{"line":65,"column":8},"end":{"line":65,"column":51}},"9":{"start":{"line":74,"column":8},"end":{"line":74,"column":77}},"10":{"start":{"line":75,"column":8},"end":{"line":75,"column":89}},"11":{"start":{"line":87,"column":8},"end":{"line":87,"column":42}},"12":{"start":{"line":88,"column":8},"end":{"line":88,"column":84}},"13":{"start":{"line":92,"column":8},"end":{"line":92,"column":30}},"14":{"start":{"line":96,"column":8},"end":{"line":96,"column":79}},"15":{"start":{"line":97,"column":8},"end":{"line":97,"column":42}},"16":{"start":{"line":101,"column":8},"end":{"line":101,"column":57}},"17":{"start":{"line":102,"column":8},"end":{"line":102,"column":82}},"18":{"start":{"line":103,"column":8},"end":{"line":103,"column":3654}},"19":{"start":{"line":104,"column":12},"end":{"line":104,"column":3716}},"20":{"start":{"line":108,"column":8},"end":{"line":108,"column":30}},"21":{"start":{"line":120,"column":8},"end":{"line":120,"column":45}},"22":{"start":{"line":121,"column":8},"end":{"line":121,"column":65}},"23":{"start":{"line":122,"column":8},"end":{"line":122,"column":4447}},"24":{"start":{"line":123,"column":12},"end":{"line":123,"column":4505}},"25":{"start":{"line":127,"column":8},"end":{"line":127,"column":25}},"26":{"start":{"line":131,"column":8},"end":{"line":131,"column":44}},"27":{"start":{"line":136,"column":8},"end":{"line":136,"column":57}},"28":{"start":{"line":138,"column":8},"end":{"line":138,"column":4989}},"29":{"start":{"line":139,"column":12},"end":{"line":139,"column":5051}},"30":{"start":{"line":140,"column":16},"end":{"line":140,"column":5120}},"31":{"start":{"line":149,"column":8},"end":{"line":149,"column":69}},"32":{"start":{"line":150,"column":8},"end":{"line":150,"column":79}},"33":{"start":{"line":151,"column":8},"end":{"line":151,"column":80}},"34":{"start":{"line":152,"column":8},"end":{"line":152,"column":5628}},"35":{"start":{"line":158,"column":8},"end":{"line":158,"column":55}},"36":{"start":{"line":160,"column":8},"end":{"line":160,"column":79}},"37":{"start":{"line":161,"column":8},"end":{"line":161,"column":26}},"38":{"start":{"line":162,"column":8},"end":{"line":162,"column":6019}},"39":{"start":{"line":163,"column":12},"end":{"line":163,"column":6087}},"40":{"start":{"line":169,"column":8},"end":{"line":169,"column":6313}},"41":{"start":{"line":170,"column":12},"end":{"line":170,"column":62}},"42":{"start":{"line":176,"column":8},"end":{"line":176,"column":57}},"43":{"start":{"line":177,"column":8},"end":{"line":177,"column":37}},"44":{"start":{"line":179,"column":8},"end":{"line":179,"column":6725}},"45":{"start":{"line":180,"column":12},"end":{"line":180,"column":85}},"46":{"start":{"line":183,"column":12},"end":{"line":183,"column":6941}},"47":{"start":{"line":193,"column":8},"end":{"line":193,"column":83}},"48":{"start":{"line":197,"column":8},"end":{"line":197,"column":70}},"49":{"start":{"line":201,"column":8},"end":{"line":201,"column":86}},"50":{"start":{"line":202,"column":8},"end":{"line":202,"column":49}},"51":{"start":{"line":203,"column":8},"end":{"line":203,"column":7932}},"52":{"start":{"line":204,"column":12},"end":{"line":204,"column":7994}},"53":{"start":{"line":210,"column":8},"end":{"line":210,"column":84}},"54":{"start":{"line":212,"column":8},"end":{"line":212,"column":90}},"55":{"start":{"line":216,"column":8},"end":{"line":216,"column":8461}},"56":{"start":{"line":217,"column":12},"end":{"line":217,"column":8523}},"57":{"start":{"line":218,"column":16},"end":{"line":218,"column":8608}},"58":{"start":{"line":226,"column":8},"end":{"line":226,"column":29}},"59":{"start":{"line":230,"column":8},"end":{"line":230,"column":46}}},"branchMap":{"1":{"line":24,"type":"if","locations":[{"start":{"line":24,"column":8},"end":{"line":24,"column":8}},{"start":{"line":24,"column":8},"end":{"line":24,"column":8}}]},"2":{"line":25,"type":"cond-expr","locations":[{"start":{"line":25,"column":12},"end":{"line":25,"column":38}},{"start":{"line":25,"column":43},"end":{"line":25,"column":68}}]},"3":{"line":56,"type":"if","locations":[{"start":{"line":56,"column":28},"end":{"line":56,"column":28}},{"start":{"line":56,"column":28},"end":{"line":56,"column":28}}]},"4":{"line":62,"type":"if","locations":[{"start":{"line":62,"column":30},"end":{"line":62,"column":30}},{"start":{"line":62,"column":30},"end":{"line":62,"column":30}}]},"5":{"line":73,"type":"if","locations":[{"start":{"line":73,"column":15},"end":{"line":73,"column":15}},{"start":{"line":73,"column":15},"end":{"line":73,"column":15}}]},"6":{"line":74,"type":"if","locations":[{"start":{"line":74,"column":8},"end":{"line":74,"column":8}},{"start":{"line":74,"column":8},"end":{"line":74,"column":8}}]},"7":{"line":75,"type":"if","locations":[{"start":{"line":75,"column":8},"end":{"line":75,"column":8}},{"start":{"line":75,"column":8},"end":{"line":75,"column":8}}]},"8":{"line":96,"type":"if","locations":[{"start":{"line":96,"column":8},"end":{"line":96,"column":8}},{"start":{"line":96,"column":8},"end":{"line":96,"column":8}}]},"9":{"line":104,"type":"if","locations":[{"start":{"line":104,"column":12},"end":{"line":104,"column":12}},{"start":{"line":104,"column":12},"end":{"line":104,"column":12}}]},"10":{"line":111,"type":"if","locations":[{"start":{"line":111,"column":66},"end":{"line":111,"column":66}},{"start":{"line":111,"column":66},"end":{"line":111,"column":66}}]},"11":{"line":115,"type":"if","locations":[{"start":{"line":115,"column":71},"end":{"line":115,"column":71}},{"start":{"line":115,"column":71},"end":{"line":115,"column":71}}]},"12":{"line":123,"type":"if","locations":[{"start":{"line":123,"column":12},"end":{"line":123,"column":12}},{"start":{"line":123,"column":12},"end":{"line":123,"column":12}}]},"13":{"line":134,"type":"if","locations":[{"start":{"line":134,"column":46},"end":{"line":134,"column":46}},{"start":{"line":134,"column":46},"end":{"line":134,"column":46}}]},"14":{"line":139,"type":"if","locations":[{"start":{"line":139,"column":12},"end":{"line":139,"column":12}},{"start":{"line":139,"column":12},"end":{"line":139,"column":12}}]},"15":{"line":149,"type":"if","locations":[{"start":{"line":149,"column":8},"end":{"line":149,"column":8}},{"start":{"line":149,"column":8},"end":{"line":149,"column":8}}]},"16":{"line":150,"type":"if","locations":[{"start":{"line":150,"column":8},"end":{"line":150,"column":8}},{"start":{"line":150,"column":8},"end":{"line":150,"column":8}}]},"17":{"line":151,"type":"if","locations":[{"start":{"line":151,"column":8},"end":{"line":151,"column":8}},{"start":{"line":151,"column":8},"end":{"line":151,"column":8}}]},"18":{"line":152,"type":"if","locations":[{"start":{"line":152,"column":8},"end":{"line":152,"column":8}},{"start":{"line":152,"column":8},"end":{"line":152,"column":8}}]},"19":{"line":163,"type":"if","locations":[{"start":{"line":163,"column":12},"end":{"line":163,"column":12}},{"start":{"line":163,"column":12},"end":{"line":163,"column":12}}]},"20":{"line":169,"type":"if","locations":[{"start":{"line":169,"column":8},"end":{"line":169,"column":8}},{"start":{"line":169,"column":8},"end":{"line":169,"column":8}}]},"21":{"line":175,"type":"if","locations":[{"start":{"line":175,"column":80},"end":{"line":175,"column":80}},{"start":{"line":175,"column":80},"end":{"line":175,"column":80}}]},"22":{"line":183,"type":"if","locations":[{"start":{"line":183,"column":12},"end":{"line":183,"column":12}},{"start":{"line":183,"column":12},"end":{"line":183,"column":12}}]},"23":{"line":193,"type":"if","locations":[{"start":{"line":193,"column":8},"end":{"line":193,"column":8}},{"start":{"line":193,"column":8},"end":{"line":193,"column":8}}]},"24":{"line":204,"type":"if","locations":[{"start":{"line":204,"column":12},"end":{"line":204,"column":12}},{"start":{"line":204,"column":12},"end":{"line":204,"column":12}}]},"25":{"line":210,"type":"if","locations":[{"start":{"line":210,"column":8},"end":{"line":210,"column":8}},{"start":{"line":210,"column":8},"end":{"line":210,"column":8}}]},"26":{"line":217,"type":"if","locations":[{"start":{"line":217,"column":12},"end":{"line":217,"column":12}},{"start":{"line":217,"column":12},"end":{"line":217,"column":12}}]},"27":{"line":218,"type":"if","locations":[{"start":{"line":218,"column":16},"end":{"line":218,"column":16}},{"start":{"line":218,"column":16},"end":{"line":218,"column":16}}]}}},"contracts\\B3Token.sol":{"l":{"18":47,"22":45,"26":75,"27":75,"28":75,"32":0,"36":0,"40":14,"44":3,"48":0,"49":0,"56":6,"57":6,"58":6,"66":23,"67":3,"68":3,"70":20,"72":22,"76":25,"77":25,"78":25,"79":25,"80":25,"81":25},"path":"C:\\Blockchain\\b3\\TokenCertificates\\contracts\\B3Token.sol","s":{"1":47,"2":75,"3":75,"4":0,"5":0,"6":14,"7":3,"8":0,"9":0,"10":6,"11":6,"12":6,"13":23,"14":3,"15":3,"16":20,"17":22,"18":25,"19":25,"20":25,"21":25,"22":25},"b":{"1":[45,2],"2":[45,0],"3":[0,0],"4":[0,0],"5":[14,1],"6":[6,1],"7":[23,0],"8":[3,20],"9":[3,0],"10":[20,0],"11":[25,0],"12":[25,0]},"f":{"1":47,"2":75,"3":0,"4":0,"5":14,"6":3,"7":0,"8":6,"9":23,"10":25},"fnMap":{"1":{"name":"onlyRoleOrMasterAcct","line":17,"loc":{"start":{"line":17,"column":4},"end":{"line":23,"column":4}}},"2":{"name":"constructor","line":25,"loc":{"start":{"line":25,"column":4},"end":{"line":29,"column":4}}},"3":{"name":"pause","line":31,"loc":{"start":{"line":31,"column":4},"end":{"line":33,"column":4}}},"4":{"name":"unpause","line":35,"loc":{"start":{"line":35,"column":4},"end":{"line":37,"column":4}}},"5":{"name":"mint","line":39,"loc":{"start":{"line":39,"column":4},"end":{"line":41,"column":4}}},"6":{"name":"burn","line":43,"loc":{"start":{"line":43,"column":4},"end":{"line":45,"column":4}}},"7":{"name":"burnFrom","line":47,"loc":{"start":{"line":47,"column":4},"end":{"line":50,"column":4}}},"8":{"name":"transfer","line":55,"loc":{"start":{"line":52,"column":4},"end":{"line":59,"column":4}}},"9":{"name":"_beforeTokenTransfer","line":65,"loc":{"start":{"line":61,"column":4},"end":{"line":73,"column":4}}},"10":{"name":"setRouter","line":75,"loc":{"start":{"line":75,"column":4},"end":{"line":82,"column":4}}}},"statementMap":{"1":{"start":{"line":18,"column":8},"end":{"line":18,"column":685}},"2":{"start":{"line":27,"column":8},"end":{"line":27,"column":49}},"3":{"start":{"line":28,"column":8},"end":{"line":28,"column":51}},"4":{"start":{"line":32,"column":8},"end":{"line":32,"column":15}},"5":{"start":{"line":36,"column":8},"end":{"line":36,"column":17}},"6":{"start":{"line":40,"column":8},"end":{"line":40,"column":24}},"7":{"start":{"line":44,"column":8},"end":{"line":44,"column":34}},"8":{"start":{"line":48,"column":8},"end":{"line":48,"column":53}},"9":{"start":{"line":49,"column":8},"end":{"line":49,"column":29}},"10":{"start":{"line":56,"column":8},"end":{"line":56,"column":36}},"11":{"start":{"line":57,"column":8},"end":{"line":57,"column":41}},"12":{"start":{"line":58,"column":8},"end":{"line":58,"column":19}},"13":{"start":{"line":66,"column":8},"end":{"line":66,"column":2120}},"14":{"start":{"line":67,"column":12},"end":{"line":67,"column":92}},"15":{"start":{"line":68,"column":12},"end":{"line":68,"column":77}},"16":{"start":{"line":70,"column":12},"end":{"line":70,"column":90}},"17":{"start":{"line":72,"column":8},"end":{"line":72,"column":51}},"18":{"start":{"line":76,"column":8},"end":{"line":76,"column":67}},"19":{"start":{"line":77,"column":8},"end":{"line":77,"column":53}},"20":{"start":{"line":78,"column":8},"end":{"line":78,"column":52}},"21":{"start":{"line":80,"column":8},"end":{"line":80,"column":52}},"22":{"start":{"line":81,"column":8},"end":{"line":81,"column":51}}},"branchMap":{"1":{"line":18,"type":"if","locations":[{"start":{"line":18,"column":8},"end":{"line":18,"column":8}},{"start":{"line":18,"column":8},"end":{"line":18,"column":8}}]},"2":{"line":19,"type":"cond-expr","locations":[{"start":{"line":19,"column":12},"end":{"line":19,"column":38}},{"start":{"line":19,"column":43},"end":{"line":19,"column":68}}]},"3":{"line":31,"type":"if","locations":[{"start":{"line":31,"column":28},"end":{"line":31,"column":28}},{"start":{"line":31,"column":28},"end":{"line":31,"column":28}}]},"4":{"line":35,"type":"if","locations":[{"start":{"line":35,"column":30},"end":{"line":35,"column":30}},{"start":{"line":35,"column":30},"end":{"line":35,"column":30}}]},"5":{"line":39,"type":"if","locations":[{"start":{"line":39,"column":53},"end":{"line":39,"column":53}},{"start":{"line":39,"column":53},"end":{"line":39,"column":53}}]},"6":{"line":55,"type":"if","locations":[{"start":{"line":55,"column":37},"end":{"line":55,"column":37}},{"start":{"line":55,"column":37},"end":{"line":55,"column":37}}]},"7":{"line":65,"type":"if","locations":[{"start":{"line":65,"column":31},"end":{"line":65,"column":31}},{"start":{"line":65,"column":31},"end":{"line":65,"column":31}}]},"8":{"line":66,"type":"if","locations":[{"start":{"line":66,"column":8},"end":{"line":66,"column":8}},{"start":{"line":66,"column":8},"end":{"line":66,"column":8}}]},"9":{"line":67,"type":"if","locations":[{"start":{"line":67,"column":12},"end":{"line":67,"column":12}},{"start":{"line":67,"column":12},"end":{"line":67,"column":12}}]},"10":{"line":70,"type":"if","locations":[{"start":{"line":70,"column":12},"end":{"line":70,"column":12}},{"start":{"line":70,"column":12},"end":{"line":70,"column":12}}]},"11":{"line":75,"type":"if","locations":[{"start":{"line":75,"column":53},"end":{"line":75,"column":53}},{"start":{"line":75,"column":53},"end":{"line":75,"column":53}}]},"12":{"line":76,"type":"if","locations":[{"start":{"line":76,"column":8},"end":{"line":76,"column":8}},{"start":{"line":76,"column":8},"end":{"line":76,"column":8}}]}}},"contracts\\IB3CertificadoLote.sol":{"l":{},"path":"C:\\Blockchain\\b3\\TokenCertificates\\contracts\\IB3CertificadoLote.sol","s":{},"b":{},"f":{},"fnMap":{},"statementMap":{},"branchMap":{}},"contracts\\IB3Router.sol":{"l":{},"path":"C:\\Blockchain\\b3\\TokenCertificates\\contracts\\IB3Router.sol","s":{},"b":{},"f":{},"fnMap":{},"statementMap":{},"branchMap":{}},"contracts\\IB3Token.sol":{"l":{},"path":"C:\\Blockchain\\b3\\TokenCertificates\\contracts\\IB3Token.sol","s":{},"b":{},"f":{},"fnMap":{},"statementMap":{},"branchMap":{}}}